<?xml version="1.0" encoding="UTF-8"?>
<testsuite xmlns:xsi="http://www.w3.org/2001/XMLSchema-instance" xsi:noNamespaceSchemaLocation="https://maven.apache.org/surefire/maven-surefire-plugin/xsd/surefire-test-report.xsd" version="3.0.2" name="com.example.elektronski_karton_servis.Controller.KorisnikKontrolerTest" time="0.759" tests="11" errors="0" skipped="0" failures="0">
  <properties>
    <property name="java.specification.version" value="22"/>
    <property name="sun.cpu.isalist" value="amd64"/>
    <property name="sun.jnu.encoding" value="Cp1250"/>
    <property name="java.class.path" value="C:\Users\DT User\Desktop\hospital-management\EMR\target\test-classes;C:\Users\DT User\Desktop\hospital-management\EMR\target\classes;C:\Users\DT User\.m2\repository\org\springframework\boot\spring-boot-starter-data-jpa\3.4.3\spring-boot-starter-data-jpa-3.4.3.jar;C:\Users\DT User\.m2\repository\org\springframework\boot\spring-boot-starter\3.4.3\spring-boot-starter-3.4.3.jar;C:\Users\DT User\.m2\repository\org\springframework\boot\spring-boot\3.4.3\spring-boot-3.4.3.jar;C:\Users\DT User\.m2\repository\org\springframework\boot\spring-boot-autoconfigure\3.4.3\spring-boot-autoconfigure-3.4.3.jar;C:\Users\DT User\.m2\repository\org\springframework\boot\spring-boot-starter-logging\3.4.3\spring-boot-starter-logging-3.4.3.jar;C:\Users\DT User\.m2\repository\ch\qos\logback\logback-classic\1.5.16\logback-classic-1.5.16.jar;C:\Users\DT User\.m2\repository\ch\qos\logback\logback-core\1.5.16\logback-core-1.5.16.jar;C:\Users\DT User\.m2\repository\org\apache\logging\log4j\log4j-to-slf4j\2.24.3\log4j-to-slf4j-2.24.3.jar;C:\Users\DT User\.m2\repository\org\apache\logging\log4j\log4j-api\2.24.3\log4j-api-2.24.3.jar;C:\Users\DT User\.m2\repository\org\slf4j\jul-to-slf4j\2.0.16\jul-to-slf4j-2.0.16.jar;C:\Users\DT User\.m2\repository\jakarta\annotation\jakarta.annotation-api\2.1.1\jakarta.annotation-api-2.1.1.jar;C:\Users\DT User\.m2\repository\org\yaml\snakeyaml\2.3\snakeyaml-2.3.jar;C:\Users\DT User\.m2\repository\org\springframework\boot\spring-boot-starter-jdbc\3.4.3\spring-boot-starter-jdbc-3.4.3.jar;C:\Users\DT User\.m2\repository\com\zaxxer\HikariCP\5.1.0\HikariCP-5.1.0.jar;C:\Users\DT User\.m2\repository\org\springframework\spring-jdbc\6.2.3\spring-jdbc-6.2.3.jar;C:\Users\DT User\.m2\repository\org\hibernate\orm\hibernate-core\6.6.8.Final\hibernate-core-6.6.8.Final.jar;C:\Users\DT User\.m2\repository\jakarta\persistence\jakarta.persistence-api\3.1.0\jakarta.persistence-api-3.1.0.jar;C:\Users\DT User\.m2\repository\jakarta\transaction\jakarta.transaction-api\2.0.1\jakarta.transaction-api-2.0.1.jar;C:\Users\DT User\.m2\repository\org\jboss\logging\jboss-logging\3.6.1.Final\jboss-logging-3.6.1.Final.jar;C:\Users\DT User\.m2\repository\org\hibernate\common\hibernate-commons-annotations\7.0.3.Final\hibernate-commons-annotations-7.0.3.Final.jar;C:\Users\DT User\.m2\repository\io\smallrye\jandex\3.2.0\jandex-3.2.0.jar;C:\Users\DT User\.m2\repository\com\fasterxml\classmate\1.7.0\classmate-1.7.0.jar;C:\Users\DT User\.m2\repository\org\glassfish\jaxb\jaxb-runtime\4.0.5\jaxb-runtime-4.0.5.jar;C:\Users\DT User\.m2\repository\org\glassfish\jaxb\jaxb-core\4.0.5\jaxb-core-4.0.5.jar;C:\Users\DT User\.m2\repository\org\eclipse\angus\angus-activation\2.0.2\angus-activation-2.0.2.jar;C:\Users\DT User\.m2\repository\org\glassfish\jaxb\txw2\4.0.5\txw2-4.0.5.jar;C:\Users\DT User\.m2\repository\com\sun\istack\istack-commons-runtime\4.1.2\istack-commons-runtime-4.1.2.jar;C:\Users\DT User\.m2\repository\jakarta\inject\jakarta.inject-api\2.0.1\jakarta.inject-api-2.0.1.jar;C:\Users\DT User\.m2\repository\org\antlr\antlr4-runtime\4.13.0\antlr4-runtime-4.13.0.jar;C:\Users\DT User\.m2\repository\org\springframework\data\spring-data-jpa\3.4.3\spring-data-jpa-3.4.3.jar;C:\Users\DT User\.m2\repository\org\springframework\data\spring-data-commons\3.4.3\spring-data-commons-3.4.3.jar;C:\Users\DT User\.m2\repository\org\springframework\spring-orm\6.2.3\spring-orm-6.2.3.jar;C:\Users\DT User\.m2\repository\org\springframework\spring-tx\6.2.3\spring-tx-6.2.3.jar;C:\Users\DT User\.m2\repository\org\slf4j\slf4j-api\2.0.16\slf4j-api-2.0.16.jar;C:\Users\DT User\.m2\repository\org\springframework\spring-aspects\6.2.3\spring-aspects-6.2.3.jar;C:\Users\DT User\.m2\repository\org\aspectj\aspectjweaver\1.9.22.1\aspectjweaver-1.9.22.1.jar;C:\Users\DT User\.m2\repository\org\springframework\boot\spring-boot-starter-web\3.4.3\spring-boot-starter-web-3.4.3.jar;C:\Users\DT User\.m2\repository\org\springframework\boot\spring-boot-starter-json\3.4.3\spring-boot-starter-json-3.4.3.jar;C:\Users\DT User\.m2\repository\com\fasterxml\jackson\datatype\jackson-datatype-jdk8\2.18.2\jackson-datatype-jdk8-2.18.2.jar;C:\Users\DT User\.m2\repository\com\fasterxml\jackson\module\jackson-module-parameter-names\2.18.2\jackson-module-parameter-names-2.18.2.jar;C:\Users\DT User\.m2\repository\org\springframework\boot\spring-boot-starter-tomcat\3.4.3\spring-boot-starter-tomcat-3.4.3.jar;C:\Users\DT User\.m2\repository\org\apache\tomcat\embed\tomcat-embed-core\10.1.36\tomcat-embed-core-10.1.36.jar;C:\Users\DT User\.m2\repository\org\apache\tomcat\embed\tomcat-embed-websocket\10.1.36\tomcat-embed-websocket-10.1.36.jar;C:\Users\DT User\.m2\repository\org\springframework\boot\spring-boot-starter-validation\3.4.3\spring-boot-starter-validation-3.4.3.jar;C:\Users\DT User\.m2\repository\org\apache\tomcat\embed\tomcat-embed-el\10.1.36\tomcat-embed-el-10.1.36.jar;C:\Users\DT User\.m2\repository\org\hibernate\validator\hibernate-validator\8.0.2.Final\hibernate-validator-8.0.2.Final.jar;C:\Users\DT User\.m2\repository\jakarta\validation\jakarta.validation-api\3.0.2\jakarta.validation-api-3.0.2.jar;C:\Users\DT User\.m2\repository\org\springframework\boot\spring-boot-starter-hateoas\3.4.3\spring-boot-starter-hateoas-3.4.3.jar;C:\Users\DT User\.m2\repository\org\springframework\hateoas\spring-hateoas\2.4.1\spring-hateoas-2.4.1.jar;C:\Users\DT User\.m2\repository\org\springframework\plugin\spring-plugin-core\3.0.0\spring-plugin-core-3.0.0.jar;C:\Users\DT User\.m2\repository\org\mockito\mockito-core\3.6.0\mockito-core-3.6.0.jar;C:\Users\DT User\.m2\repository\net\bytebuddy\byte-buddy\1.15.11\byte-buddy-1.15.11.jar;C:\Users\DT User\.m2\repository\net\bytebuddy\byte-buddy-agent\1.15.11\byte-buddy-agent-1.15.11.jar;C:\Users\DT User\.m2\repository\org\objenesis\objenesis\3.1\objenesis-3.1.jar;C:\Users\DT User\.m2\repository\com\mysql\mysql-connector-j\9.1.0\mysql-connector-j-9.1.0.jar;C:\Users\DT User\.m2\repository\org\springdoc\springdoc-openapi-starter-webmvc-ui\2.5.0\springdoc-openapi-starter-webmvc-ui-2.5.0.jar;C:\Users\DT User\.m2\repository\org\springdoc\springdoc-openapi-starter-webmvc-api\2.5.0\springdoc-openapi-starter-webmvc-api-2.5.0.jar;C:\Users\DT User\.m2\repository\org\springdoc\springdoc-openapi-starter-common\2.5.0\springdoc-openapi-starter-common-2.5.0.jar;C:\Users\DT User\.m2\repository\io\swagger\core\v3\swagger-core-jakarta\2.2.21\swagger-core-jakarta-2.2.21.jar;C:\Users\DT User\.m2\repository\org\apache\commons\commons-lang3\3.17.0\commons-lang3-3.17.0.jar;C:\Users\DT User\.m2\repository\io\swagger\core\v3\swagger-annotations-jakarta\2.2.21\swagger-annotations-jakarta-2.2.21.jar;C:\Users\DT User\.m2\repository\io\swagger\core\v3\swagger-models-jakarta\2.2.21\swagger-models-jakarta-2.2.21.jar;C:\Users\DT User\.m2\repository\com\fasterxml\jackson\dataformat\jackson-dataformat-yaml\2.18.2\jackson-dataformat-yaml-2.18.2.jar;C:\Users\DT User\.m2\repository\org\webjars\swagger-ui\5.13.0\swagger-ui-5.13.0.jar;C:\Users\DT User\.m2\repository\org\springframework\spring-web\6.1.4\spring-web-6.1.4.jar;C:\Users\DT User\.m2\repository\org\springframework\spring-beans\6.2.3\spring-beans-6.2.3.jar;C:\Users\DT User\.m2\repository\org\springframework\spring-core\6.2.3\spring-core-6.2.3.jar;C:\Users\DT User\.m2\repository\org\springframework\spring-jcl\6.2.3\spring-jcl-6.2.3.jar;C:\Users\DT User\.m2\repository\io\micrometer\micrometer-observation\1.14.4\micrometer-observation-1.14.4.jar;C:\Users\DT User\.m2\repository\io\micrometer\micrometer-commons\1.14.4\micrometer-commons-1.14.4.jar;C:\Users\DT User\.m2\repository\org\springframework\spring-webmvc\6.1.4\spring-webmvc-6.1.4.jar;C:\Users\DT User\.m2\repository\org\springframework\spring-aop\6.2.3\spring-aop-6.2.3.jar;C:\Users\DT User\.m2\repository\org\springframework\spring-context\6.2.3\spring-context-6.2.3.jar;C:\Users\DT User\.m2\repository\org\springframework\spring-expression\6.2.3\spring-expression-6.2.3.jar;C:\Users\DT User\.m2\repository\com\fasterxml\jackson\datatype\jackson-datatype-jsr310\2.18.2\jackson-datatype-jsr310-2.18.2.jar;C:\Users\DT User\.m2\repository\com\fasterxml\jackson\core\jackson-annotations\2.18.2\jackson-annotations-2.18.2.jar;C:\Users\DT User\.m2\repository\com\fasterxml\jackson\core\jackson-core\2.18.2\jackson-core-2.18.2.jar;C:\Users\DT User\.m2\repository\com\fasterxml\jackson\core\jackson-databind\2.18.2\jackson-databind-2.18.2.jar;C:\Users\DT User\.m2\repository\com\github\fge\json-patch\1.8\json-patch-1.8.jar;C:\Users\DT User\.m2\repository\com\github\fge\jackson-coreutils\1.6\jackson-coreutils-1.6.jar;C:\Users\DT User\.m2\repository\com\github\fge\msg-simple\1.1\msg-simple-1.1.jar;C:\Users\DT User\.m2\repository\com\github\fge\btf\1.2\btf-1.2.jar;C:\Users\DT User\.m2\repository\com\google\guava\guava\16.0.1\guava-16.0.1.jar;C:\Users\DT User\.m2\repository\com\google\code\findbugs\jsr305\2.0.1\jsr305-2.0.1.jar;C:\Users\DT User\.m2\repository\org\projectlombok\lombok\1.18.36\lombok-1.18.36.jar;C:\Users\DT User\.m2\repository\org\springframework\boot\spring-boot-starter-test\3.1.5\spring-boot-starter-test-3.1.5.jar;C:\Users\DT User\.m2\repository\org\springframework\boot\spring-boot-test\3.4.3\spring-boot-test-3.4.3.jar;C:\Users\DT User\.m2\repository\org\springframework\boot\spring-boot-test-autoconfigure\3.4.3\spring-boot-test-autoconfigure-3.4.3.jar;C:\Users\DT User\.m2\repository\com\jayway\jsonpath\json-path\2.9.0\json-path-2.9.0.jar;C:\Users\DT User\.m2\repository\jakarta\xml\bind\jakarta.xml.bind-api\4.0.2\jakarta.xml.bind-api-4.0.2.jar;C:\Users\DT User\.m2\repository\jakarta\activation\jakarta.activation-api\2.1.3\jakarta.activation-api-2.1.3.jar;C:\Users\DT User\.m2\repository\net\minidev\json-smart\2.5.2\json-smart-2.5.2.jar;C:\Users\DT User\.m2\repository\net\minidev\accessors-smart\2.5.2\accessors-smart-2.5.2.jar;C:\Users\DT User\.m2\repository\org\ow2\asm\asm\9.7.1\asm-9.7.1.jar;C:\Users\DT User\.m2\repository\org\assertj\assertj-core\3.26.3\assertj-core-3.26.3.jar;C:\Users\DT User\.m2\repository\org\hamcrest\hamcrest\2.2\hamcrest-2.2.jar;C:\Users\DT User\.m2\repository\org\junit\jupiter\junit-jupiter\5.11.4\junit-jupiter-5.11.4.jar;C:\Users\DT User\.m2\repository\org\junit\jupiter\junit-jupiter-api\5.11.4\junit-jupiter-api-5.11.4.jar;C:\Users\DT User\.m2\repository\org\opentest4j\opentest4j\1.3.0\opentest4j-1.3.0.jar;C:\Users\DT User\.m2\repository\org\junit\platform\junit-platform-commons\1.11.4\junit-platform-commons-1.11.4.jar;C:\Users\DT User\.m2\repository\org\apiguardian\apiguardian-api\1.1.2\apiguardian-api-1.1.2.jar;C:\Users\DT User\.m2\repository\org\junit\jupiter\junit-jupiter-params\5.11.4\junit-jupiter-params-5.11.4.jar;C:\Users\DT User\.m2\repository\org\junit\jupiter\junit-jupiter-engine\5.11.4\junit-jupiter-engine-5.11.4.jar;C:\Users\DT User\.m2\repository\org\junit\platform\junit-platform-engine\1.11.4\junit-platform-engine-1.11.4.jar;C:\Users\DT User\.m2\repository\org\mockito\mockito-junit-jupiter\5.14.2\mockito-junit-jupiter-5.14.2.jar;C:\Users\DT User\.m2\repository\org\skyscreamer\jsonassert\1.5.3\jsonassert-1.5.3.jar;C:\Users\DT User\.m2\repository\com\vaadin\external\google\android-json\0.0.20131108.vaadin1\android-json-0.0.20131108.vaadin1.jar;C:\Users\DT User\.m2\repository\org\springframework\spring-test\6.2.3\spring-test-6.2.3.jar;C:\Users\DT User\.m2\repository\org\xmlunit\xmlunit-core\2.10.0\xmlunit-core-2.10.0.jar;"/>
    <property name="java.vm.vendor" value="Oracle Corporation"/>
    <property name="sun.arch.data.model" value="64"/>
    <property name="user.variant" value=""/>
    <property name="java.vendor.url" value="https://java.oracle.com/"/>
    <property name="user.timezone" value="Europe/Zagreb"/>
    <property name="org.jboss.logging.provider" value="slf4j"/>
    <property name="user.country.format" value="BA"/>
    <property name="os.name" value="Windows 11"/>
    <property name="java.vm.specification.version" value="22"/>
    <property name="APPLICATION_NAME" value="elektronski-karton-servis"/>
    <property name="sun.java.launcher" value="SUN_STANDARD"/>
    <property name="user.country" value="US"/>
    <property name="sun.boot.library.path" value="C:\Users\DT User\.jdks\openjdk-22.0.1\bin"/>
    <property name="sun.java.command" value="C:\Users\DT User\AppData\Local\Temp\surefire5805144662421808575\surefirebooter-20250430094652097_3.jar C:\Users\DT User\AppData\Local\Temp\surefire5805144662421808575 2025-04-30T09-46-51_944-jvmRun1 surefire-20250430094652097_1tmp surefire_0-20250430094652097_2tmp"/>
    <property name="jdk.debug" value="release"/>
    <property name="surefire.test.class.path" value="C:\Users\DT User\Desktop\hospital-management\EMR\target\test-classes;C:\Users\DT User\Desktop\hospital-management\EMR\target\classes;C:\Users\DT User\.m2\repository\org\springframework\boot\spring-boot-starter-data-jpa\3.4.3\spring-boot-starter-data-jpa-3.4.3.jar;C:\Users\DT User\.m2\repository\org\springframework\boot\spring-boot-starter\3.4.3\spring-boot-starter-3.4.3.jar;C:\Users\DT User\.m2\repository\org\springframework\boot\spring-boot\3.4.3\spring-boot-3.4.3.jar;C:\Users\DT User\.m2\repository\org\springframework\boot\spring-boot-autoconfigure\3.4.3\spring-boot-autoconfigure-3.4.3.jar;C:\Users\DT User\.m2\repository\org\springframework\boot\spring-boot-starter-logging\3.4.3\spring-boot-starter-logging-3.4.3.jar;C:\Users\DT User\.m2\repository\ch\qos\logback\logback-classic\1.5.16\logback-classic-1.5.16.jar;C:\Users\DT User\.m2\repository\ch\qos\logback\logback-core\1.5.16\logback-core-1.5.16.jar;C:\Users\DT User\.m2\repository\org\apache\logging\log4j\log4j-to-slf4j\2.24.3\log4j-to-slf4j-2.24.3.jar;C:\Users\DT User\.m2\repository\org\apache\logging\log4j\log4j-api\2.24.3\log4j-api-2.24.3.jar;C:\Users\DT User\.m2\repository\org\slf4j\jul-to-slf4j\2.0.16\jul-to-slf4j-2.0.16.jar;C:\Users\DT User\.m2\repository\jakarta\annotation\jakarta.annotation-api\2.1.1\jakarta.annotation-api-2.1.1.jar;C:\Users\DT User\.m2\repository\org\yaml\snakeyaml\2.3\snakeyaml-2.3.jar;C:\Users\DT User\.m2\repository\org\springframework\boot\spring-boot-starter-jdbc\3.4.3\spring-boot-starter-jdbc-3.4.3.jar;C:\Users\DT User\.m2\repository\com\zaxxer\HikariCP\5.1.0\HikariCP-5.1.0.jar;C:\Users\DT User\.m2\repository\org\springframework\spring-jdbc\6.2.3\spring-jdbc-6.2.3.jar;C:\Users\DT User\.m2\repository\org\hibernate\orm\hibernate-core\6.6.8.Final\hibernate-core-6.6.8.Final.jar;C:\Users\DT User\.m2\repository\jakarta\persistence\jakarta.persistence-api\3.1.0\jakarta.persistence-api-3.1.0.jar;C:\Users\DT User\.m2\repository\jakarta\transaction\jakarta.transaction-api\2.0.1\jakarta.transaction-api-2.0.1.jar;C:\Users\DT User\.m2\repository\org\jboss\logging\jboss-logging\3.6.1.Final\jboss-logging-3.6.1.Final.jar;C:\Users\DT User\.m2\repository\org\hibernate\common\hibernate-commons-annotations\7.0.3.Final\hibernate-commons-annotations-7.0.3.Final.jar;C:\Users\DT User\.m2\repository\io\smallrye\jandex\3.2.0\jandex-3.2.0.jar;C:\Users\DT User\.m2\repository\com\fasterxml\classmate\1.7.0\classmate-1.7.0.jar;C:\Users\DT User\.m2\repository\org\glassfish\jaxb\jaxb-runtime\4.0.5\jaxb-runtime-4.0.5.jar;C:\Users\DT User\.m2\repository\org\glassfish\jaxb\jaxb-core\4.0.5\jaxb-core-4.0.5.jar;C:\Users\DT User\.m2\repository\org\eclipse\angus\angus-activation\2.0.2\angus-activation-2.0.2.jar;C:\Users\DT User\.m2\repository\org\glassfish\jaxb\txw2\4.0.5\txw2-4.0.5.jar;C:\Users\DT User\.m2\repository\com\sun\istack\istack-commons-runtime\4.1.2\istack-commons-runtime-4.1.2.jar;C:\Users\DT User\.m2\repository\jakarta\inject\jakarta.inject-api\2.0.1\jakarta.inject-api-2.0.1.jar;C:\Users\DT User\.m2\repository\org\antlr\antlr4-runtime\4.13.0\antlr4-runtime-4.13.0.jar;C:\Users\DT User\.m2\repository\org\springframework\data\spring-data-jpa\3.4.3\spring-data-jpa-3.4.3.jar;C:\Users\DT User\.m2\repository\org\springframework\data\spring-data-commons\3.4.3\spring-data-commons-3.4.3.jar;C:\Users\DT User\.m2\repository\org\springframework\spring-orm\6.2.3\spring-orm-6.2.3.jar;C:\Users\DT User\.m2\repository\org\springframework\spring-tx\6.2.3\spring-tx-6.2.3.jar;C:\Users\DT User\.m2\repository\org\slf4j\slf4j-api\2.0.16\slf4j-api-2.0.16.jar;C:\Users\DT User\.m2\repository\org\springframework\spring-aspects\6.2.3\spring-aspects-6.2.3.jar;C:\Users\DT User\.m2\repository\org\aspectj\aspectjweaver\1.9.22.1\aspectjweaver-1.9.22.1.jar;C:\Users\DT User\.m2\repository\org\springframework\boot\spring-boot-starter-web\3.4.3\spring-boot-starter-web-3.4.3.jar;C:\Users\DT User\.m2\repository\org\springframework\boot\spring-boot-starter-json\3.4.3\spring-boot-starter-json-3.4.3.jar;C:\Users\DT User\.m2\repository\com\fasterxml\jackson\datatype\jackson-datatype-jdk8\2.18.2\jackson-datatype-jdk8-2.18.2.jar;C:\Users\DT User\.m2\repository\com\fasterxml\jackson\module\jackson-module-parameter-names\2.18.2\jackson-module-parameter-names-2.18.2.jar;C:\Users\DT User\.m2\repository\org\springframework\boot\spring-boot-starter-tomcat\3.4.3\spring-boot-starter-tomcat-3.4.3.jar;C:\Users\DT User\.m2\repository\org\apache\tomcat\embed\tomcat-embed-core\10.1.36\tomcat-embed-core-10.1.36.jar;C:\Users\DT User\.m2\repository\org\apache\tomcat\embed\tomcat-embed-websocket\10.1.36\tomcat-embed-websocket-10.1.36.jar;C:\Users\DT User\.m2\repository\org\springframework\boot\spring-boot-starter-validation\3.4.3\spring-boot-starter-validation-3.4.3.jar;C:\Users\DT User\.m2\repository\org\apache\tomcat\embed\tomcat-embed-el\10.1.36\tomcat-embed-el-10.1.36.jar;C:\Users\DT User\.m2\repository\org\hibernate\validator\hibernate-validator\8.0.2.Final\hibernate-validator-8.0.2.Final.jar;C:\Users\DT User\.m2\repository\jakarta\validation\jakarta.validation-api\3.0.2\jakarta.validation-api-3.0.2.jar;C:\Users\DT User\.m2\repository\org\springframework\boot\spring-boot-starter-hateoas\3.4.3\spring-boot-starter-hateoas-3.4.3.jar;C:\Users\DT User\.m2\repository\org\springframework\hateoas\spring-hateoas\2.4.1\spring-hateoas-2.4.1.jar;C:\Users\DT User\.m2\repository\org\springframework\plugin\spring-plugin-core\3.0.0\spring-plugin-core-3.0.0.jar;C:\Users\DT User\.m2\repository\org\mockito\mockito-core\3.6.0\mockito-core-3.6.0.jar;C:\Users\DT User\.m2\repository\net\bytebuddy\byte-buddy\1.15.11\byte-buddy-1.15.11.jar;C:\Users\DT User\.m2\repository\net\bytebuddy\byte-buddy-agent\1.15.11\byte-buddy-agent-1.15.11.jar;C:\Users\DT User\.m2\repository\org\objenesis\objenesis\3.1\objenesis-3.1.jar;C:\Users\DT User\.m2\repository\com\mysql\mysql-connector-j\9.1.0\mysql-connector-j-9.1.0.jar;C:\Users\DT User\.m2\repository\org\springdoc\springdoc-openapi-starter-webmvc-ui\2.5.0\springdoc-openapi-starter-webmvc-ui-2.5.0.jar;C:\Users\DT User\.m2\repository\org\springdoc\springdoc-openapi-starter-webmvc-api\2.5.0\springdoc-openapi-starter-webmvc-api-2.5.0.jar;C:\Users\DT User\.m2\repository\org\springdoc\springdoc-openapi-starter-common\2.5.0\springdoc-openapi-starter-common-2.5.0.jar;C:\Users\DT User\.m2\repository\io\swagger\core\v3\swagger-core-jakarta\2.2.21\swagger-core-jakarta-2.2.21.jar;C:\Users\DT User\.m2\repository\org\apache\commons\commons-lang3\3.17.0\commons-lang3-3.17.0.jar;C:\Users\DT User\.m2\repository\io\swagger\core\v3\swagger-annotations-jakarta\2.2.21\swagger-annotations-jakarta-2.2.21.jar;C:\Users\DT User\.m2\repository\io\swagger\core\v3\swagger-models-jakarta\2.2.21\swagger-models-jakarta-2.2.21.jar;C:\Users\DT User\.m2\repository\com\fasterxml\jackson\dataformat\jackson-dataformat-yaml\2.18.2\jackson-dataformat-yaml-2.18.2.jar;C:\Users\DT User\.m2\repository\org\webjars\swagger-ui\5.13.0\swagger-ui-5.13.0.jar;C:\Users\DT User\.m2\repository\org\springframework\spring-web\6.1.4\spring-web-6.1.4.jar;C:\Users\DT User\.m2\repository\org\springframework\spring-beans\6.2.3\spring-beans-6.2.3.jar;C:\Users\DT User\.m2\repository\org\springframework\spring-core\6.2.3\spring-core-6.2.3.jar;C:\Users\DT User\.m2\repository\org\springframework\spring-jcl\6.2.3\spring-jcl-6.2.3.jar;C:\Users\DT User\.m2\repository\io\micrometer\micrometer-observation\1.14.4\micrometer-observation-1.14.4.jar;C:\Users\DT User\.m2\repository\io\micrometer\micrometer-commons\1.14.4\micrometer-commons-1.14.4.jar;C:\Users\DT User\.m2\repository\org\springframework\spring-webmvc\6.1.4\spring-webmvc-6.1.4.jar;C:\Users\DT User\.m2\repository\org\springframework\spring-aop\6.2.3\spring-aop-6.2.3.jar;C:\Users\DT User\.m2\repository\org\springframework\spring-context\6.2.3\spring-context-6.2.3.jar;C:\Users\DT User\.m2\repository\org\springframework\spring-expression\6.2.3\spring-expression-6.2.3.jar;C:\Users\DT User\.m2\repository\com\fasterxml\jackson\datatype\jackson-datatype-jsr310\2.18.2\jackson-datatype-jsr310-2.18.2.jar;C:\Users\DT User\.m2\repository\com\fasterxml\jackson\core\jackson-annotations\2.18.2\jackson-annotations-2.18.2.jar;C:\Users\DT User\.m2\repository\com\fasterxml\jackson\core\jackson-core\2.18.2\jackson-core-2.18.2.jar;C:\Users\DT User\.m2\repository\com\fasterxml\jackson\core\jackson-databind\2.18.2\jackson-databind-2.18.2.jar;C:\Users\DT User\.m2\repository\com\github\fge\json-patch\1.8\json-patch-1.8.jar;C:\Users\DT User\.m2\repository\com\github\fge\jackson-coreutils\1.6\jackson-coreutils-1.6.jar;C:\Users\DT User\.m2\repository\com\github\fge\msg-simple\1.1\msg-simple-1.1.jar;C:\Users\DT User\.m2\repository\com\github\fge\btf\1.2\btf-1.2.jar;C:\Users\DT User\.m2\repository\com\google\guava\guava\16.0.1\guava-16.0.1.jar;C:\Users\DT User\.m2\repository\com\google\code\findbugs\jsr305\2.0.1\jsr305-2.0.1.jar;C:\Users\DT User\.m2\repository\org\projectlombok\lombok\1.18.36\lombok-1.18.36.jar;C:\Users\DT User\.m2\repository\org\springframework\boot\spring-boot-starter-test\3.1.5\spring-boot-starter-test-3.1.5.jar;C:\Users\DT User\.m2\repository\org\springframework\boot\spring-boot-test\3.4.3\spring-boot-test-3.4.3.jar;C:\Users\DT User\.m2\repository\org\springframework\boot\spring-boot-test-autoconfigure\3.4.3\spring-boot-test-autoconfigure-3.4.3.jar;C:\Users\DT User\.m2\repository\com\jayway\jsonpath\json-path\2.9.0\json-path-2.9.0.jar;C:\Users\DT User\.m2\repository\jakarta\xml\bind\jakarta.xml.bind-api\4.0.2\jakarta.xml.bind-api-4.0.2.jar;C:\Users\DT User\.m2\repository\jakarta\activation\jakarta.activation-api\2.1.3\jakarta.activation-api-2.1.3.jar;C:\Users\DT User\.m2\repository\net\minidev\json-smart\2.5.2\json-smart-2.5.2.jar;C:\Users\DT User\.m2\repository\net\minidev\accessors-smart\2.5.2\accessors-smart-2.5.2.jar;C:\Users\DT User\.m2\repository\org\ow2\asm\asm\9.7.1\asm-9.7.1.jar;C:\Users\DT User\.m2\repository\org\assertj\assertj-core\3.26.3\assertj-core-3.26.3.jar;C:\Users\DT User\.m2\repository\org\hamcrest\hamcrest\2.2\hamcrest-2.2.jar;C:\Users\DT User\.m2\repository\org\junit\jupiter\junit-jupiter\5.11.4\junit-jupiter-5.11.4.jar;C:\Users\DT User\.m2\repository\org\junit\jupiter\junit-jupiter-api\5.11.4\junit-jupiter-api-5.11.4.jar;C:\Users\DT User\.m2\repository\org\opentest4j\opentest4j\1.3.0\opentest4j-1.3.0.jar;C:\Users\DT User\.m2\repository\org\junit\platform\junit-platform-commons\1.11.4\junit-platform-commons-1.11.4.jar;C:\Users\DT User\.m2\repository\org\apiguardian\apiguardian-api\1.1.2\apiguardian-api-1.1.2.jar;C:\Users\DT User\.m2\repository\org\junit\jupiter\junit-jupiter-params\5.11.4\junit-jupiter-params-5.11.4.jar;C:\Users\DT User\.m2\repository\org\junit\jupiter\junit-jupiter-engine\5.11.4\junit-jupiter-engine-5.11.4.jar;C:\Users\DT User\.m2\repository\org\junit\platform\junit-platform-engine\1.11.4\junit-platform-engine-1.11.4.jar;C:\Users\DT User\.m2\repository\org\mockito\mockito-junit-jupiter\5.14.2\mockito-junit-jupiter-5.14.2.jar;C:\Users\DT User\.m2\repository\org\skyscreamer\jsonassert\1.5.3\jsonassert-1.5.3.jar;C:\Users\DT User\.m2\repository\com\vaadin\external\google\android-json\0.0.20131108.vaadin1\android-json-0.0.20131108.vaadin1.jar;C:\Users\DT User\.m2\repository\org\springframework\spring-test\6.2.3\spring-test-6.2.3.jar;C:\Users\DT User\.m2\repository\org\xmlunit\xmlunit-core\2.10.0\xmlunit-core-2.10.0.jar;"/>
    <property name="sun.cpu.endian" value="little"/>
    <property name="user.home" value="C:\Users\DT User"/>
    <property name="user.language" value="en"/>
    <property name="java.specification.vendor" value="Oracle Corporation"/>
    <property name="java.version.date" value="2024-04-16"/>
    <property name="java.home" value="C:\Users\DT User\.jdks\openjdk-22.0.1"/>
    <property name="file.separator" value="\"/>
    <property name="basedir" value="C:\Users\DT User\Desktop\hospital-management\EMR"/>
    <property name="java.vm.compressedOopsMode" value="Zero based"/>
    <property name="line.separator" value="&#10;"/>
    <property name="java.vm.specification.vendor" value="Oracle Corporation"/>
    <property name="java.specification.name" value="Java Platform API Specification"/>
    <property name="FILE_LOG_CHARSET" value="UTF-8"/>
    <property name="java.awt.headless" value="true"/>
    <property name="surefire.real.class.path" value="C:\Users\DT User\AppData\Local\Temp\surefire5805144662421808575\surefirebooter-20250430094652097_3.jar"/>
    <property name="user.script" value=""/>
    <property name="sun.management.compiler" value="HotSpot 64-Bit Tiered Compilers"/>
    <property name="java.runtime.version" value="22.0.1+8-16"/>
    <property name="user.name" value="DT User"/>
    <property name="stdout.encoding" value="Cp1250"/>
    <property name="path.separator" value=";"/>
    <property name="os.version" value="10.0"/>
    <property name="java.runtime.name" value="OpenJDK Runtime Environment"/>
    <property name="file.encoding" value="UTF-8"/>
    <property name="java.vm.name" value="OpenJDK 64-Bit Server VM"/>
    <property name="localRepository" value="C:\Users\DT User\.m2\repository"/>
    <property name="java.vendor.url.bug" value="https://bugreport.java.com/bugreport/"/>
    <property name="java.io.tmpdir" value="C:\Users\DTUSER~1\AppData\Local\Temp\"/>
    <property name="java.version" value="22.0.1"/>
    <property name="user.dir" value="C:\Users\DT User\Desktop\hospital-management\EMR"/>
    <property name="os.arch" value="amd64"/>
    <property name="java.vm.specification.name" value="Java Virtual Machine Specification"/>
    <property name="PID" value="35208"/>
    <property name="user.language.format" value="hr"/>
    <property name="sun.os.patch.level" value=""/>
    <property name="CONSOLE_LOG_CHARSET" value="UTF-8"/>
    <property name="native.encoding" value="Cp1250"/>
    <property name="java.library.path" value="C:\Users\DT User\.jdks\openjdk-22.0.1\bin;C:\WINDOWS\Sun\Java\bin;C:\WINDOWS\system32;C:\WINDOWS;C:\Python313\Scripts\;C:\Python313\;C:\Python312\Scripts\;C:\Python312\;C:\WINDOWS\system32;C:\WINDOWS;C:\WINDOWS\System32\Wbem;C:\WINDOWS\System32\WindowsPowerShell\v1.0\;C:\WINDOWS\System32\OpenSSH\;C:\ProgramData\chocolatey\bin;C:\Users\DT User\Downloads\apache-maven-3.9.7-bin.zip\apache-maven-3.9.7\bin;C:\Users\DT User\Downloads\apache-maven-3.9.7-bin.zip;C:\Program Files\Git\cmd;C:\Program Files\MySQL\MySQL Workbench 8.0 CE\;C:\Users\DT User\IdeaProjects\apache-maven-3.9.7\bin;&quot;;C:\Users\DT User\.jdks\openjdk-22.0.1\bin&quot;;C:\Users\DT User\IdeaProjects\javafx-sdk-22.0.1\bin;C:\Users\DT User\.jdks\openjdk-22.0.1\bin;C:\Users\DT User\.jdks;C:\Users\DT User\Downloads\winlibs-i686-posix-dwarf-gcc-14.2.0-llvm-19.1.1-mingw-w64ucrt-12.0.0-r2\mingw32\bin;C:\Program Files\nodejs\;C:\Users\DT User\.jdks\openjdk-22.0.1\bin;C:\Program Files\MySQL\MySQL Server 8.0\bin;C:\Program Files\MySQL\MySQL Shell 8.0\bin\;C:\Users\DT User\AppData\Local\Microsoft\WindowsApps;;C:\Users\DT User\AppData\Local\Programs\Microsoft VS Code\bin;C:\Users\DT User\AppData\Roaming\npm;."/>
    <property name="java.vm.info" value="mixed mode, sharing"/>
    <property name="stderr.encoding" value="Cp1250"/>
    <property name="java.vendor" value="Oracle Corporation"/>
    <property name="java.vm.version" value="22.0.1+8-16"/>
    <property name="sun.io.unicode.encoding" value="UnicodeLittle"/>
    <property name="java.class.version" value="66.0"/>
    <property name="LOGGED_APPLICATION_NAME" value="[elektronski-karton-servis] "/>
  </properties>
  <testcase name="bySadrzaj" classname="com.example.elektronski_karton_servis.Controller.KorisnikKontrolerTest" time="0.034">
    <system-out><![CDATA[2025-04-30T09:46:58.920+02:00  INFO 35208 --- [elektronski-karton-servis] [           main] t.c.s.AnnotationConfigContextLoaderUtils : Could not detect default configuration classes for test class [com.example.elektronski_karton_servis.Controller.KorisnikKontrolerTest]: KorisnikKontrolerTest does not declare any static, non-private, non-final, nested classes annotated with @Configuration.
2025-04-30T09:46:58.951+02:00  INFO 35208 --- [elektronski-karton-servis] [           main] .b.t.c.SpringBootTestContextBootstrapper : Found @SpringBootConfiguration com.example.elektronski_karton_servis.ElektronskiKartonServisApplication for test class com.example.elektronski_karton_servis.Controller.KorisnikKontrolerTest

  .   ____          _            __ _ _
 /\\ / ___'_ __ _ _(_)_ __  __ _ \ \ \ \
( ( )\___ | '_ | '_| | '_ \/ _` | \ \ \ \
 \\/  ___)| |_)| | | | | || (_| |  ) ) ) )
  '  |____| .__|_| |_|_| |_\__, | / / / /
 =========|_|==============|___/=/_/_/_/

 :: Spring Boot ::                (v3.4.3)

2025-04-30T09:46:59.000+02:00  INFO 35208 --- [elektronski-karton-servis] [           main] c.e.e.Controller.KorisnikKontrolerTest   : Starting KorisnikKontrolerTest using Java 22.0.1 with PID 35208 (started by DT User in C:\Users\DT User\Desktop\hospital-management\EMR)
2025-04-30T09:46:59.001+02:00 DEBUG 35208 --- [elektronski-karton-servis] [           main] c.e.e.Controller.KorisnikKontrolerTest   : Running with Spring Boot v3.4.3, Spring v6.2.3
2025-04-30T09:46:59.001+02:00  INFO 35208 --- [elektronski-karton-servis] [           main] c.e.e.Controller.KorisnikKontrolerTest   : No active profile set, falling back to 1 default profile: "default"
2025-04-30T09:46:59.005+02:00 DEBUG 35208 --- [elektronski-karton-servis] [           main] o.s.w.c.s.GenericWebApplicationContext   : Refreshing org.springframework.web.context.support.GenericWebApplicationContext@7e94de5f
2025-04-30T09:46:59.325+02:00  INFO 35208 --- [elektronski-karton-servis] [           main] o.s.b.a.w.s.WelcomePageHandlerMapping    : Adding welcome page: class path resource [static/index.html]
2025-04-30T09:46:59.346+02:00 DEBUG 35208 --- [elektronski-karton-servis] [           main] s.w.s.m.m.a.RequestMappingHandlerMapping : 12 mappings in 'requestMappingHandlerMapping'
2025-04-30T09:46:59.366+02:00 DEBUG 35208 --- [elektronski-karton-servis] [           main] o.s.w.s.handler.SimpleUrlHandlerMapping  : Patterns [/webjars/**, /**] in 'resourceHandlerMapping'
2025-04-30T09:46:59.376+02:00 DEBUG 35208 --- [elektronski-karton-servis] [           main] s.w.s.m.m.a.RequestMappingHandlerAdapter : ControllerAdvice beans: 0 @ModelAttribute, 0 @InitBinder, 1 RequestBodyAdvice, 1 ResponseBodyAdvice
2025-04-30T09:46:59.380+02:00 DEBUG 35208 --- [elektronski-karton-servis] [           main] .m.m.a.ExceptionHandlerExceptionResolver : ControllerAdvice beans: 1 @ExceptionHandler, 1 ResponseBodyAdvice
2025-04-30T09:46:59.416+02:00  INFO 35208 --- [elektronski-karton-servis] [           main] o.s.b.t.m.w.SpringBootMockServletContext : Initializing Spring TestDispatcherServlet ''
2025-04-30T09:46:59.416+02:00  INFO 35208 --- [elektronski-karton-servis] [           main] o.s.t.web.servlet.TestDispatcherServlet  : Initializing Servlet ''
2025-04-30T09:46:59.417+02:00  INFO 35208 --- [elektronski-karton-servis] [           main] o.s.t.web.servlet.TestDispatcherServlet  : Completed initialization in 1 ms
2025-04-30T09:46:59.425+02:00  INFO 35208 --- [elektronski-karton-servis] [           main] c.e.e.Controller.KorisnikKontrolerTest   : Started KorisnikKontrolerTest in 0.467 seconds (process running for 7.097)
2025-04-30T09:46:59.440+02:00 DEBUG 35208 --- [elektronski-karton-servis] [           main] s.w.s.m.m.a.RequestMappingHandlerMapping : Mapped to com.example.elektronski_karton_servis.Controller.KorisnikKontroler#findByImeIliPrezimeSadrzi(String)
2025-04-30T09:46:59.456+02:00 DEBUG 35208 --- [elektronski-karton-servis] [           main] o.s.w.s.m.m.a.HttpEntityMethodProcessor  : Using 'application/json', given [*/*] and supported [application/json, application/*+json]
2025-04-30T09:46:59.456+02:00 DEBUG 35208 --- [elektronski-karton-servis] [           main] o.s.w.s.m.m.a.HttpEntityMethodProcessor  : Writing [[com.example.elektronski_karton_servis.model.Korisnik@341964d0]]
]]></system-out>
  </testcase>
  <testcase name="update" classname="com.example.elektronski_karton_servis.Controller.KorisnikKontrolerTest" time="0.026">
    <system-out><![CDATA[2025-04-30T09:46:59.473+02:00 DEBUG 35208 --- [elektronski-karton-servis] [           main] s.w.s.m.m.a.RequestMappingHandlerMapping : Mapped to com.example.elektronski_karton_servis.Controller.KorisnikKontroler#replaceKorisnik(Korisnik, Integer)
2025-04-30T09:46:59.477+02:00 DEBUG 35208 --- [elektronski-karton-servis] [           main] m.m.a.RequestResponseBodyMethodProcessor : Read "application/json;charset=UTF-8" to [com.example.elektronski_karton_servis.model.Korisnik@7b10472e]
2025-04-30T09:46:59.490+02:00 DEBUG 35208 --- [elektronski-karton-servis] [           main] o.s.w.s.m.m.a.HttpEntityMethodProcessor  : Using 'application/json', given [*/*] and supported [application/json, application/*+json]
2025-04-30T09:46:59.490+02:00 DEBUG 35208 --- [elektronski-karton-servis] [           main] o.s.w.s.m.m.a.HttpEntityMethodProcessor  : Writing [com.example.elektronski_karton_servis.model.Korisnik@61c58320]
]]></system-out>
  </testcase>
  <testcase name="delete_ok" classname="com.example.elektronski_karton_servis.Controller.KorisnikKontrolerTest" time="0.009">
    <system-out><![CDATA[2025-04-30T09:46:59.498+02:00 DEBUG 35208 --- [elektronski-karton-servis] [           main] s.w.s.m.m.a.RequestMappingHandlerMapping : Mapped to com.example.elektronski_karton_servis.Controller.KorisnikKontroler#deleteKorisnik(Integer)
2025-04-30T09:46:59.500+02:00 DEBUG 35208 --- [elektronski-karton-servis] [           main] o.s.w.s.m.m.a.HttpEntityMethodProcessor  : Using 'application/octet-stream', given [*/*] and supported [*/*]
]]></system-out>
  </testcase>
  <testcase name="all" classname="com.example.elektronski_karton_servis.Controller.KorisnikKontrolerTest" time="0.041">
    <system-out><![CDATA[2025-04-30T09:46:59.508+02:00 DEBUG 35208 --- [elektronski-karton-servis] [           main] s.w.s.m.m.a.RequestMappingHandlerMapping : Mapped to com.example.elektronski_karton_servis.Controller.KorisnikKontroler#all()
2025-04-30T09:46:59.529+02:00 DEBUG 35208 --- [elektronski-karton-servis] [           main] m.m.a.RequestResponseBodyMethodProcessor : Using 'application/hal+json', given [*/*] and supported [application/hal+json, application/json, application/*+json]
2025-04-30T09:46:59.532+02:00 DEBUG 35208 --- [elektronski-karton-servis] [           main] m.m.a.RequestResponseBodyMethodProcessor : Writing [CollectionModel { content: [EntityModel { content: com.example.elektronski_karton_servis.model.Koris (truncated)...]
]]></system-out>
  </testcase>
  <testcase name="byUloga" classname="com.example.elektronski_karton_servis.Controller.KorisnikKontrolerTest" time="0.009">
    <system-out><![CDATA[2025-04-30T09:46:59.552+02:00 DEBUG 35208 --- [elektronski-karton-servis] [           main] s.w.s.m.m.a.RequestMappingHandlerMapping : Mapped to com.example.elektronski_karton_servis.Controller.KorisnikKontroler#findByUloga(Integer)
2025-04-30T09:46:59.553+02:00 DEBUG 35208 --- [elektronski-karton-servis] [           main] o.s.w.s.m.m.a.HttpEntityMethodProcessor  : Using 'application/json', given [*/*] and supported [application/json, application/*+json]
2025-04-30T09:46:59.554+02:00 DEBUG 35208 --- [elektronski-karton-servis] [           main] o.s.w.s.m.m.a.HttpEntityMethodProcessor  : Writing [[com.example.elektronski_karton_servis.model.Korisnik@73852720]]
]]></system-out>
  </testcase>
  <testcase name="create_invalid" classname="com.example.elektronski_karton_servis.Controller.KorisnikKontrolerTest" time="0.028">
    <system-out><![CDATA[2025-04-30T09:46:59.564+02:00 DEBUG 35208 --- [elektronski-karton-servis] [           main] s.w.s.m.m.a.RequestMappingHandlerMapping : Mapped to com.example.elektronski_karton_servis.Controller.KorisnikKontroler#newKorisnik(Korisnik)
2025-04-30T09:46:59.566+02:00 DEBUG 35208 --- [elektronski-karton-servis] [           main] m.m.a.RequestResponseBodyMethodProcessor : Read "application/json;charset=UTF-8" to [com.example.elektronski_karton_servis.model.Korisnik@5f35370b]
2025-04-30T09:46:59.578+02:00 DEBUG 35208 --- [elektronski-karton-servis] [           main] .m.m.a.ExceptionHandlerExceptionResolver : Using @ExceptionHandler com.example.elektronski_karton_servis.Exception.GlobalExceptionHandler#handleValidationException(MethodArgumentNotValidException)
2025-04-30T09:46:59.582+02:00 DEBUG 35208 --- [elektronski-karton-servis] [           main] m.m.a.RequestResponseBodyMethodProcessor : Using 'application/json', given [*/*] and supported [application/json, application/*+json]
2025-04-30T09:46:59.582+02:00 DEBUG 35208 --- [elektronski-karton-servis] [           main] m.m.a.RequestResponseBodyMethodProcessor : Writing [com.example.elektronski_karton_servis.Exception.ErrorResponse@18209303]
2025-04-30T09:46:59.583+02:00 DEBUG 35208 --- [elektronski-karton-servis] [           main] .m.m.a.ExceptionHandlerExceptionResolver : Resolved [org.springframework.web.bind.MethodArgumentNotValidException: Validation failed for argument [0] in public org.springframework.http.ResponseEntity<?> com.example.elektronski_karton_servis.Controller.KorisnikKontroler.newKorisnik(com.example.elektronski_karton_servis.model.Korisnik) with 4 errors: [Field error in object 'korisnik' on field 'prezime': rejected value []; codes [NotBlank.korisnik.prezime,NotBlank.prezime,NotBlank.java.lang.String,NotBlank]; arguments [org.springframework.context.support.DefaultMessageSourceResolvable: codes [korisnik.prezime,prezime]; arguments []; default message [prezime]]; default message [Prezime je obavezno]] [Field error in object 'korisnik' on field 'email': rejected value []; codes [NotBlank.korisnik.email,NotBlank.email,NotBlank.java.lang.String,NotBlank]; arguments [org.springframework.context.support.DefaultMessageSourceResolvable: codes [korisnik.email,email]; arguments []; default message [email]]; default message [Prezime je obavezno]] [Field error in object 'korisnik' on field 'ime': rejected value []; codes [NotBlank.korisnik.ime,NotBlank.ime,NotBlank.java.lang.String,NotBlank]; arguments [org.springframework.context.support.DefaultMessageSourceResolvable: codes [korisnik.ime,ime]; arguments []; default message [ime]]; default message [Ime je obavezno]] [Field error in object 'korisnik' on field 'lozinka': rejected value []; codes [NotBlank.korisnik.lozinka,NotBlank.lozinka,NotBlank.java.lang.String,NotBlank]; arguments [org.springframework.context.support.DefaultMessageSourceResolvable: codes [korisnik.lozinka,lozinka]; arguments []; default message [lozinka]]; default message [Lozinka je obavezna]] ]
]]></system-out>
  </testcase>
  <testcase name="byImePrezime" classname="com.example.elektronski_karton_servis.Controller.KorisnikKontrolerTest" time="0.01">
    <system-out><![CDATA[2025-04-30T09:46:59.593+02:00 DEBUG 35208 --- [elektronski-karton-servis] [           main] s.w.s.m.m.a.RequestMappingHandlerMapping : Mapped to com.example.elektronski_karton_servis.Controller.KorisnikKontroler#findByImePrezime(String, String)
2025-04-30T09:46:59.596+02:00 DEBUG 35208 --- [elektronski-karton-servis] [           main] o.s.w.s.m.m.a.HttpEntityMethodProcessor  : Using 'application/json', given [*/*] and supported [application/json, application/*+json]
2025-04-30T09:46:59.596+02:00 DEBUG 35208 --- [elektronski-karton-servis] [           main] o.s.w.s.m.m.a.HttpEntityMethodProcessor  : Writing [[com.example.elektronski_karton_servis.model.Korisnik@14b9df65]]
]]></system-out>
  </testcase>
  <testcase name="create_valid" classname="com.example.elektronski_karton_servis.Controller.KorisnikKontrolerTest" time="0.018">
    <system-out><![CDATA[2025-04-30T09:46:59.606+02:00 DEBUG 35208 --- [elektronski-karton-servis] [           main] s.w.s.m.m.a.RequestMappingHandlerMapping : Mapped to com.example.elektronski_karton_servis.Controller.KorisnikKontroler#newKorisnik(Korisnik)
2025-04-30T09:46:59.607+02:00 DEBUG 35208 --- [elektronski-karton-servis] [           main] m.m.a.RequestResponseBodyMethodProcessor : Read "application/json;charset=UTF-8" to [com.example.elektronski_karton_servis.model.Korisnik@3b046e64]
2025-04-30T09:46:59.614+02:00 DEBUG 35208 --- [elektronski-karton-servis] [           main] o.s.w.s.m.m.a.HttpEntityMethodProcessor  : Using 'application/hal+json', given [*/*] and supported [application/hal+json, application/json, application/*+json]
2025-04-30T09:46:59.615+02:00 DEBUG 35208 --- [elektronski-karton-servis] [           main] o.s.w.s.m.m.a.HttpEntityMethodProcessor  : Writing [EntityModel { content: com.example.elektronski_karton_servis.model.Korisnik@3a239dac, links: [<http: (truncated)...]
]]></system-out>
  </testcase>
  <testcase name="one_found" classname="com.example.elektronski_karton_servis.Controller.KorisnikKontrolerTest" time="0.014">
    <system-out><![CDATA[2025-04-30T09:46:59.626+02:00 DEBUG 35208 --- [elektronski-karton-servis] [           main] s.w.s.m.m.a.RequestMappingHandlerMapping : Mapped to com.example.elektronski_karton_servis.Controller.KorisnikKontroler#one(Integer)
2025-04-30T09:46:59.631+02:00 DEBUG 35208 --- [elektronski-karton-servis] [           main] m.m.a.RequestResponseBodyMethodProcessor : Using 'application/hal+json', given [*/*] and supported [application/hal+json, application/json, application/*+json]
2025-04-30T09:46:59.632+02:00 DEBUG 35208 --- [elektronski-karton-servis] [           main] m.m.a.RequestResponseBodyMethodProcessor : Writing [EntityModel { content: com.example.elektronski_karton_servis.model.Korisnik@1479ed5a, links: [<http: (truncated)...]
]]></system-out>
  </testcase>
  <testcase name="getPaged" classname="com.example.elektronski_karton_servis.Controller.KorisnikKontrolerTest" time="0.026">
    <system-out><![CDATA[2025-04-30T09:46:59.646+02:00 DEBUG 35208 --- [elektronski-karton-servis] [           main] s.w.s.m.m.a.RequestMappingHandlerMapping : Mapped to com.example.elektronski_karton_servis.Controller.KorisnikKontroler#getAllKorisniciPaged(int, int, String[])
2025-04-30T09:46:59.653+02:00  WARN 35208 --- [elektronski-karton-servis] [           main] ration$PageModule$WarningLoggingModifier : Serializing PageImpl instances as-is is not supported, meaning that there is no guarantee about the stability of the resulting JSON structure!
	For a stable JSON structure, please use Spring Data's PagedModel (globally via @EnableSpringDataWebSupport(pageSerializationMode = VIA_DTO))
	or Spring HATEOAS and Spring Data's PagedResourcesAssembler as documented in https://docs.spring.io/spring-data/commons/reference/repositories/core-extensions.html#core.web.pageables.

2025-04-30T09:46:59.656+02:00 DEBUG 35208 --- [elektronski-karton-servis] [           main] o.s.w.s.m.m.a.HttpEntityMethodProcessor  : Using 'application/json', given [*/*] and supported [application/json, application/*+json]
2025-04-30T09:46:59.657+02:00 DEBUG 35208 --- [elektronski-karton-servis] [           main] o.s.w.s.m.m.a.HttpEntityMethodProcessor  : Writing [Page 1 of 1 containing com.example.elektronski_karton_servis.model.Korisnik instances]
]]></system-out>
  </testcase>
  <testcase name="one_not_found" classname="com.example.elektronski_karton_servis.Controller.KorisnikKontrolerTest" time="0.008">
    <system-out><![CDATA[2025-04-30T09:46:59.670+02:00 DEBUG 35208 --- [elektronski-karton-servis] [           main] s.w.s.m.m.a.RequestMappingHandlerMapping : Mapped to com.example.elektronski_karton_servis.Controller.KorisnikKontroler#one(Integer)
2025-04-30T09:46:59.672+02:00 DEBUG 35208 --- [elektronski-karton-servis] [           main] .m.m.a.ExceptionHandlerExceptionResolver : Using @ExceptionHandler com.example.elektronski_karton_servis.Exception.GlobalExceptionHandler#korisnikNotFoundHandler(KorisnikNotFoundException)
2025-04-30T09:46:59.672+02:00 DEBUG 35208 --- [elektronski-karton-servis] [           main] m.m.a.RequestResponseBodyMethodProcessor : Using 'application/json', given [*/*] and supported [application/json, application/*+json]
2025-04-30T09:46:59.672+02:00 DEBUG 35208 --- [elektronski-karton-servis] [           main] m.m.a.RequestResponseBodyMethodProcessor : Writing [com.example.elektronski_karton_servis.Exception.ErrorResponse@78508e6b]
2025-04-30T09:46:59.673+02:00 DEBUG 35208 --- [elektronski-karton-servis] [           main] .m.m.a.ExceptionHandlerExceptionResolver : Resolved [com.example.elektronski_karton_servis.Exception.KorisnikNotFoundException: Korisnik sa ID 1 nije pronađen.]
]]></system-out>
  </testcase>
</testsuite>